17:15:32 **** Incremental Build of configuration Nios II for project frequency_relay ****
make all 
Info: Building ../frequency_relay_bsp/
C:/intelFPGA_lite/18.1/nios2eds/bin/gnu/H-x86_64-mingw32/bin/make --no-print-directory -C ../frequency_relay_bsp/
[BSP build complete]
Info: Compiling frequency_relay.c to obj/default/frequency_relay.o
nios2-elf-gcc -xc -MP -MMD -c -I../frequency_relay_bsp//HAL/inc -I../frequency_relay_bsp/ -I../frequency_relay_bsp//drivers/inc  -pipe -D__hal__ -DALT_NO_INSTRUCTION_EMULATION -DALT_SINGLE_THREADED    -O0 -g -Wall   -mhw-div -mhw-mul -mno-hw-mulx -mgpopt=global  -o obj/default/frequency_relay.o frequency_relay.c
frequency_relay.c: In function 'init_config':
frequency_relay.c:68:20: warning: unused variable 'timingLogMutex' [-Wunused-variable]
  SemaphoreHandle_t timingLogMutex = xSemaphoreCreateMutex();
                    ^
frequency_relay.c:67:20: warning: unused variable 'systemStatusMutex' [-Wunused-variable]
  SemaphoreHandle_t systemStatusMutex = xSemaphoreCreateMutex();
                    ^
frequency_relay.c:66:20: warning: unused variable 'loadStatusMutex' [-Wunused-variable]
  SemaphoreHandle_t loadStatusMutex = xSemaphoreCreateMutex();
                    ^
frequency_relay.c:65:20: warning: unused variable 'peakReadSem' [-Wunused-variable]
  SemaphoreHandle_t peakReadSem = xSemaphoreCreateBinary();
                    ^
frequency_relay.c:63:16: warning: unused variable 'freqDataQ' [-Wunused-variable]
  QueueHandle_t freqDataQ = xQueueCreate(FREQDATA_Q_LENGTH, sizeof(freqData_t));
                ^
frequency_relay.c:62:16: warning: unused variable 'kbdQ' [-Wunused-variable]
  QueueHandle_t kbdQ = xQueueCreate(KBD_Q_LENGTH, sizeof(int));
                ^
frequency_relay.c:61:16: warning: unused variable 'buttonCmdQ' [-Wunused-variable]
  QueueHandle_t buttonCmdQ = xQueueCreate(BUTTON_Q_LENGTH, sizeof(int));
                ^
frequency_relay.c:59:13: warning: unused variable 'freq_data' [-Wunused-variable]
  freqData_t freq_data = {0,0,0,0};
             ^
Info: Linking frequency_relay.elf
nios2-elf-g++  -T'../frequency_relay_bsp//linker.x' -msys-crt0='../frequency_relay_bsp//obj/HAL/src/crt0.o' -msys-lib=hal_bsp -L../frequency_relay_bsp/   -Wl,-Map=frequency_relay.map   -O0 -g -Wall   -mhw-div -mhw-mul -mno-hw-mulx -mgpopt=global  -o frequency_relay.elf obj/default/FreeRTOS/croutine.o obj/default/FreeRTOS/event_groups.o obj/default/FreeRTOS/heap.o obj/default/FreeRTOS/list.o obj/default/FreeRTOS/port.o obj/default/FreeRTOS/queue.o obj/default/FreeRTOS/tasks.o obj/default/FreeRTOS/timers.o obj/default/frequency_relay.o obj/default/FreeRTOS/port_asm.o -lm -msys-lib=m
nios2-elf-insert frequency_relay.elf --thread_model hal --cpu_name nios2 --qsys true --simulation_enabled false --id 7 --sidp 0x430f0 --timestamp 1393900972 --stderr_dev jtag_uart --stdin_dev jtag_uart --stdout_dev jtag_uart --sopc_system_name nios2 --quartus_project_dir "C:/Users/chris/Documents/aamystuff/frequency-relay" --sopcinfo C:/Users/chris/Documents/aamystuff/frequency-relay/software/frequency_relay_bsp/../../nios2.sopcinfo
Info: (frequency_relay.elf) 614 KBytes program size (code + initialized data).
Info:                       130561 KBytes free for stack + heap.
Info: Creating frequency_relay.objdump
nios2-elf-objdump --disassemble --syms --all-header --source frequency_relay.elf >frequency_relay.objdump
[frequency_relay build complete]

17:15:33 Build Finished (took 1s.541ms)

